0 info it worked if it ends with ok
1 verbose cli [ '/Users/manrawat/.nvm/versions/node/v6.9.4/bin/node',
1 verbose cli   '/Users/manrawat/.nvm/versions/node/v6.9.4/bin/npm',
1 verbose cli   'start' ]
2 info using npm@3.10.10
3 info using node@v6.9.4
4 verbose run-script [ 'prestart', 'start', 'poststart' ]
5 info lifecycle react-redux-rx-boilerplate@1.0.0~prestart: react-redux-rx-boilerplate@1.0.0
6 silly lifecycle react-redux-rx-boilerplate@1.0.0~prestart: no script for prestart, continuing
7 info lifecycle react-redux-rx-boilerplate@1.0.0~start: react-redux-rx-boilerplate@1.0.0
8 verbose lifecycle react-redux-rx-boilerplate@1.0.0~start: unsafe-perm in lifecycle true
9 verbose lifecycle react-redux-rx-boilerplate@1.0.0~start: PATH: /Users/manrawat/.nvm/versions/node/v6.9.4/lib/node_modules/npm/bin/node-gyp-bin:/Users/manrawat/Desktop/aws-practice/react-redux-rx-boilerplate/server/node_modules/.bin:/Users/manrawat/.nvm/versions/node/v6.9.4/bin:/usr/local/bin:/usr/bin:/bin:/usr/sbin:/sbin:/Applications/VMware Fusion.app/Contents/Public:/usr/local/MacGPG2/bin
10 verbose lifecycle react-redux-rx-boilerplate@1.0.0~start: CWD: /Users/manrawat/Desktop/aws-practice/react-redux-rx-boilerplate/server
11 silly lifecycle react-redux-rx-boilerplate@1.0.0~start: Args: [ '-c', 'nodemon' ]
12 silly lifecycle react-redux-rx-boilerplate@1.0.0~start: Returned: code: 1  signal: null
13 info lifecycle react-redux-rx-boilerplate@1.0.0~start: Failed to exec start script
14 verbose stack Error: react-redux-rx-boilerplate@1.0.0 start: `nodemon`
14 verbose stack Exit status 1
14 verbose stack     at EventEmitter.<anonymous> (/Users/manrawat/.nvm/versions/node/v6.9.4/lib/node_modules/npm/lib/utils/lifecycle.js:255:16)
14 verbose stack     at emitTwo (events.js:106:13)
14 verbose stack     at EventEmitter.emit (events.js:191:7)
14 verbose stack     at ChildProcess.<anonymous> (/Users/manrawat/.nvm/versions/node/v6.9.4/lib/node_modules/npm/lib/utils/spawn.js:40:14)
14 verbose stack     at emitTwo (events.js:106:13)
14 verbose stack     at ChildProcess.emit (events.js:191:7)
14 verbose stack     at maybeClose (internal/child_process.js:877:16)
14 verbose stack     at Process.ChildProcess._handle.onexit (internal/child_process.js:226:5)
15 verbose pkgid react-redux-rx-boilerplate@1.0.0
16 verbose cwd /Users/manrawat/Desktop/aws-practice/react-redux-rx-boilerplate/server
17 error Darwin 17.7.0
18 error argv "/Users/manrawat/.nvm/versions/node/v6.9.4/bin/node" "/Users/manrawat/.nvm/versions/node/v6.9.4/bin/npm" "start"
19 error node v6.9.4
20 error npm  v3.10.10
21 error code ELIFECYCLE
22 error react-redux-rx-boilerplate@1.0.0 start: `nodemon`
22 error Exit status 1
23 error Failed at the react-redux-rx-boilerplate@1.0.0 start script 'nodemon'.
23 error Make sure you have the latest version of node.js and npm installed.
23 error If you do, this is most likely a problem with the react-redux-rx-boilerplate package,
23 error not with npm itself.
23 error Tell the author that this fails on your system:
23 error     nodemon
23 error You can get information on how to open an issue for this project with:
23 error     npm bugs react-redux-rx-boilerplate
23 error Or if that isn't available, you can get their info via:
23 error     npm owner ls react-redux-rx-boilerplate
23 error There is likely additional logging output above.
24 verbose exit [ 1, true ]
